This is pdfTeX, Version 3.141592653-2.6-1.40.28 (TeX Live 2025) (preloaded format=pdflatex 2025.7.1)  10 SEP 2025 17:03
entering extended mode
 restricted \write18 enabled.
 file:line:error style messages enabled.
 %&-line parsing enabled.
**systemdk_aitl2025.tex
(./systemdk_aitl2025.tex
LaTeX2e <2025-06-01> patch level 1
L3 programming layer <2025-06-09>
(/opt/texlive/texdir/texmf-dist/tex/latex/ieeetran/IEEEtran.cls
Document Class: IEEEtran 2015/08/26 V1.8b by Michael Shell
-- See the "IEEEtran_HOWTO" manual for usage information.
-- http://www.michaelshell.org/tex/ieeetran/
\@IEEEtrantmpdimenA=\dimen148
\@IEEEtrantmpdimenB=\dimen149
\@IEEEtrantmpdimenC=\dimen150
\@IEEEtrantmpcountA=\count275
\@IEEEtrantmpcountB=\count276
\@IEEEtrantmpcountC=\count277
\@IEEEtrantmptoksA=\toks17
LaTeX Font Info:    Trying to load font information for OT1+ptm on input line 5
03.
(/opt/texlive/texdir/texmf-dist/tex/latex/psnfss/ot1ptm.fd
File: ot1ptm.fd 2001/06/04 font definitions for OT1/ptm.
)
-- Using 8.5in x 11in (letter) paper.
-- Using PDF output.
\@IEEEnormalsizeunitybaselineskip=\dimen151
-- This is a 10 point document.
LaTeX Encoding Info:    Redeclaring text command \textunderscore (encoding ?) o
n input line 937.
\CLASSINFOnormalsizebaselineskip=\dimen152
\CLASSINFOnormalsizeunitybaselineskip=\dimen153
\IEEEnormaljot=\dimen154
LaTeX Font Info:    Font shape `OT1/ptm/bx/n' in size <5> not available
(Font)              Font shape `OT1/ptm/b/n' tried instead on input line 1090.
LaTeX Font Info:    Font shape `OT1/ptm/bx/it' in size <5> not available
(Font)              Font shape `OT1/ptm/b/it' tried instead on input line 1090.

LaTeX Font Info:    Font shape `OT1/ptm/bx/n' in size <7> not available
(Font)              Font shape `OT1/ptm/b/n' tried instead on input line 1090.
LaTeX Font Info:    Font shape `OT1/ptm/bx/it' in size <7> not available
(Font)              Font shape `OT1/ptm/b/it' tried instead on input line 1090.

LaTeX Font Info:    Font shape `OT1/ptm/bx/n' in size <8> not available
(Font)              Font shape `OT1/ptm/b/n' tried instead on input line 1090.
LaTeX Font Info:    Font shape `OT1/ptm/bx/it' in size <8> not available
(Font)              Font shape `OT1/ptm/b/it' tried instead on input line 1090.

LaTeX Font Info:    Font shape `OT1/ptm/bx/n' in size <9> not available
(Font)              Font shape `OT1/ptm/b/n' tried instead on input line 1090.
LaTeX Font Info:    Font shape `OT1/ptm/bx/it' in size <9> not available
(Font)              Font shape `OT1/ptm/b/it' tried instead on input line 1090.

LaTeX Font Info:    Font shape `OT1/ptm/bx/n' in size <10> not available
(Font)              Font shape `OT1/ptm/b/n' tried instead on input line 1090.
LaTeX Font Info:    Font shape `OT1/ptm/bx/it' in size <10> not available
(Font)              Font shape `OT1/ptm/b/it' tried instead on input line 1090.

LaTeX Font Info:    Font shape `OT1/ptm/bx/n' in size <11> not available
(Font)              Font shape `OT1/ptm/b/n' tried instead on input line 1090.
LaTeX Font Info:    Font shape `OT1/ptm/bx/it' in size <11> not available
(Font)              Font shape `OT1/ptm/b/it' tried instead on input line 1090.

LaTeX Font Info:    Font shape `OT1/ptm/bx/n' in size <12> not available
(Font)              Font shape `OT1/ptm/b/n' tried instead on input line 1090.
LaTeX Font Info:    Font shape `OT1/ptm/bx/it' in size <12> not available
(Font)              Font shape `OT1/ptm/b/it' tried instead on input line 1090.

LaTeX Font Info:    Font shape `OT1/ptm/bx/n' in size <17> not available
(Font)              Font shape `OT1/ptm/b/n' tried instead on input line 1090.
LaTeX Font Info:    Font shape `OT1/ptm/bx/it' in size <17> not available
(Font)              Font shape `OT1/ptm/b/it' tried instead on input line 1090.

LaTeX Font Info:    Font shape `OT1/ptm/bx/n' in size <20> not available
(Font)              Font shape `OT1/ptm/b/n' tried instead on input line 1090.
LaTeX Font Info:    Font shape `OT1/ptm/bx/it' in size <20> not available
(Font)              Font shape `OT1/ptm/b/it' tried instead on input line 1090.

LaTeX Font Info:    Font shape `OT1/ptm/bx/n' in size <24> not available
(Font)              Font shape `OT1/ptm/b/n' tried instead on input line 1090.
LaTeX Font Info:    Font shape `OT1/ptm/bx/it' in size <24> not available
(Font)              Font shape `OT1/ptm/b/it' tried instead on input line 1090.

\IEEEquantizedlength=\dimen155
\IEEEquantizedlengthdiff=\dimen156
\IEEEquantizedtextheightdiff=\dimen157
\IEEEilabelindentA=\dimen158
\IEEEilabelindentB=\dimen159
\IEEEilabelindent=\dimen160
\IEEEelabelindent=\dimen161
\IEEEdlabelindent=\dimen162
\IEEElabelindent=\dimen163
\IEEEiednormlabelsep=\dimen164
\IEEEiedmathlabelsep=\dimen165
\IEEEiedtopsep=\skip49
\c@section=\count278
\c@subsection=\count279
\c@subsubsection=\count280
\c@paragraph=\count281
\c@IEEEsubequation=\count282
\abovecaptionskip=\skip50
\belowcaptionskip=\skip51
\c@figure=\count283
\c@table=\count284
\@IEEEeqnnumcols=\count285
\@IEEEeqncolcnt=\count286
\@IEEEsubeqnnumrollback=\count287
\@IEEEquantizeheightA=\dimen166
\@IEEEquantizeheightB=\dimen167
\@IEEEquantizeheightC=\dimen168
\@IEEEquantizeprevdepth=\dimen169
\@IEEEquantizemultiple=\count288
\@IEEEquantizeboxA=\box53
\@IEEEtmpitemindent=\dimen170
\IEEEPARstartletwidth=\dimen171
\c@IEEEbiography=\count289
\@IEEEtranrubishbin=\box54
) (/opt/texlive/texdir/texmf-dist/tex/latex/base/inputenc.sty
Package: inputenc 2024/02/08 v1.3d Input encoding file
\inpenc@prehook=\toks18
\inpenc@posthook=\toks19
)
(/opt/texlive/texdir/texmf-dist/tex/latex/base/fontenc.sty
Package: fontenc 2024/12/21 v2.1c Standard LaTeX package
LaTeX Font Info:    Trying to load font information for T1+ptm on input line 11
6.

(/opt/texlive/texdir/texmf-dist/tex/latex/psnfss/t1ptm.fd
File: t1ptm.fd 2001/06/04 font definitions for T1/ptm.
))
(/opt/texlive/texdir/texmf-dist/tex/latex/amsmath/amsmath.sty
Package: amsmath 2025/06/16 v2.17y AMS math features
\@mathmargin=\skip52

For additional information on amsmath, use the `?' option.
(/opt/texlive/texdir/texmf-dist/tex/latex/amsmath/amstext.sty
Package: amstext 2024/11/17 v2.01 AMS text

(/opt/texlive/texdir/texmf-dist/tex/latex/amsmath/amsgen.sty
File: amsgen.sty 1999/11/30 v2.0 generic functions
\@emptytoks=\toks20
\ex@=\dimen172
))
(/opt/texlive/texdir/texmf-dist/tex/latex/amsmath/amsbsy.sty
Package: amsbsy 1999/11/29 v1.2d Bold Symbols
\pmbraise@=\dimen173
)
(/opt/texlive/texdir/texmf-dist/tex/latex/amsmath/amsopn.sty
Package: amsopn 2022/04/08 v2.04 operator names
)
\inf@bad=\count290
LaTeX Info: Redefining \frac on input line 233.
\uproot@=\count291
\leftroot@=\count292
LaTeX Info: Redefining \overline on input line 398.
LaTeX Info: Redefining \colon on input line 409.
\classnum@=\count293
\DOTSCASE@=\count294
LaTeX Info: Redefining \ldots on input line 495.
LaTeX Info: Redefining \dots on input line 498.
LaTeX Info: Redefining \cdots on input line 619.
\Mathstrutbox@=\box55
\strutbox@=\box56
LaTeX Info: Redefining \big on input line 721.
LaTeX Info: Redefining \Big on input line 722.
LaTeX Info: Redefining \bigg on input line 723.
LaTeX Info: Redefining \Bigg on input line 724.
\big@size=\dimen174
LaTeX Font Info:    Redeclaring font encoding OML on input line 742.
LaTeX Font Info:    Redeclaring font encoding OMS on input line 743.
\macc@depth=\count295
LaTeX Info: Redefining \bmod on input line 904.
LaTeX Info: Redefining \pmod on input line 909.
LaTeX Info: Redefining \smash on input line 939.
LaTeX Info: Redefining \relbar on input line 969.
LaTeX Info: Redefining \Relbar on input line 970.
\c@MaxMatrixCols=\count296
\dotsspace@=\muskip17
\c@parentequation=\count297
\dspbrk@lvl=\count298
\tag@help=\toks21
\row@=\count299
\column@=\count300
\maxfields@=\count301
\andhelp@=\toks22
\eqnshift@=\dimen175
\alignsep@=\dimen176
\tagshift@=\dimen177
\tagwidth@=\dimen178
\totwidth@=\dimen179
\lineht@=\dimen180
\@envbody=\toks23
\multlinegap=\skip53
\multlinetaggap=\skip54
\mathdisplay@stack=\toks24
LaTeX Info: Redefining \[ on input line 2949.
LaTeX Info: Redefining \] on input line 2950.
)
(/opt/texlive/texdir/texmf-dist/tex/latex/amsfonts/amssymb.sty
Package: amssymb 2013/01/14 v3.01 AMS font symbols

(/opt/texlive/texdir/texmf-dist/tex/latex/amsfonts/amsfonts.sty
Package: amsfonts 2013/01/14 v3.01 Basic AMSFonts support
\symAMSa=\mathgroup4
\symAMSb=\mathgroup5
LaTeX Font Info:    Redeclaring math symbol \hbar on input line 98.
LaTeX Font Info:    Overwriting math alphabet `\mathfrak' in version `bold'
(Font)                  U/euf/m/n --> U/euf/b/n on input line 106.
))
(/opt/texlive/texdir/texmf-dist/tex/latex/graphics/graphicx.sty
Package: graphicx 2024/12/31 v1.2e Enhanced LaTeX Graphics (DPC,SPQR)

(/opt/texlive/texdir/texmf-dist/tex/latex/graphics/keyval.sty
Package: keyval 2022/05/29 v1.15 key=value parser (DPC)
\KV@toks@=\toks25
)
(/opt/texlive/texdir/texmf-dist/tex/latex/graphics/graphics.sty
Package: graphics 2024/08/06 v1.4g Standard LaTeX Graphics (DPC,SPQR)

(/opt/texlive/texdir/texmf-dist/tex/latex/graphics/trig.sty
Package: trig 2023/12/02 v1.11 sin cos tan (DPC)
)
(/opt/texlive/texdir/texmf-dist/tex/latex/graphics-cfg/graphics.cfg
File: graphics.cfg 2016/06/04 v1.11 sample graphics configuration
)
Package graphics Info: Driver file: pdftex.def on input line 106.

(/opt/texlive/texdir/texmf-dist/tex/latex/graphics-def/pdftex.def
File: pdftex.def 2024/04/13 v1.2c Graphics/color driver for pdftex
))
\Gin@req@height=\dimen181
\Gin@req@width=\dimen182
)
(/opt/texlive/texdir/texmf-dist/tex/latex/cite/cite.sty
LaTeX Info: Redefining \cite on input line 302.
LaTeX Info: Redefining \nocite on input line 332.
Package: cite 2015/02/27  v 5.5
)
(/opt/texlive/texdir/texmf-dist/tex/latex/url/url.sty
\Urlmuskip=\muskip18
Package: url 2013/09/16  ver 3.4  Verb mode for urls, etc.
)
(/opt/texlive/texdir/texmf-dist/tex/latex/hyperref/hyperref.sty
Package: hyperref 2025-06-21 v7.01n Hypertext links for LaTeX

(/opt/texlive/texdir/texmf-dist/tex/generic/iftex/iftex.sty
Package: iftex 2024/12/12 v1.0g TeX engine tests
)
(/opt/texlive/texdir/texmf-dist/tex/latex/kvsetkeys/kvsetkeys.sty
Package: kvsetkeys 2022-10-05 v1.19 Key value parser (HO)
)
(/opt/texlive/texdir/texmf-dist/tex/generic/kvdefinekeys/kvdefinekeys.sty
Package: kvdefinekeys 2019-12-19 v1.6 Define keys (HO)
)
(/opt/texlive/texdir/texmf-dist/tex/generic/pdfescape/pdfescape.sty
Package: pdfescape 2019/12/09 v1.15 Implements pdfTeX's escape features (HO)

(/opt/texlive/texdir/texmf-dist/tex/generic/ltxcmds/ltxcmds.sty
Package: ltxcmds 2023-12-04 v1.26 LaTeX kernel commands for general use (HO)
)
(/opt/texlive/texdir/texmf-dist/tex/generic/pdftexcmds/pdftexcmds.sty
Package: pdftexcmds 2020-06-27 v0.33 Utility functions of pdfTeX for LuaTeX (HO
)

(/opt/texlive/texdir/texmf-dist/tex/generic/infwarerr/infwarerr.sty
Package: infwarerr 2019/12/03 v1.5 Providing info/warning/error messages (HO)
)
Package pdftexcmds Info: \pdf@primitive is available.
Package pdftexcmds Info: \pdf@ifprimitive is available.
Package pdftexcmds Info: \pdfdraftmode found.
))
(/opt/texlive/texdir/texmf-dist/tex/latex/hycolor/hycolor.sty
Package: hycolor 2020-01-27 v1.10 Color options for hyperref/bookmark (HO)
)
(/opt/texlive/texdir/texmf-dist/tex/latex/hyperref/nameref.sty
Package: nameref 2025-06-21 v2.57 Cross-referencing by name of section

(/opt/texlive/texdir/texmf-dist/tex/latex/refcount/refcount.sty
Package: refcount 2019/12/15 v3.6 Data extraction from label references (HO)
)
(/opt/texlive/texdir/texmf-dist/tex/generic/gettitlestring/gettitlestring.sty
Package: gettitlestring 2019/12/15 v1.6 Cleanup title references (HO)

(/opt/texlive/texdir/texmf-dist/tex/latex/kvoptions/kvoptions.sty
Package: kvoptions 2022-06-15 v3.15 Key value format for package options (HO)
))
\c@section@level=\count302
)
(/opt/texlive/texdir/texmf-dist/tex/latex/etoolbox/etoolbox.sty
Package: etoolbox 2025/02/11 v2.5l e-TeX tools for LaTeX (JAW)
\etb@tempcnta=\count303
)
(/opt/texlive/texdir/texmf-dist/tex/generic/stringenc/stringenc.sty
Package: stringenc 2019/11/29 v1.12 Convert strings between diff. encodings (HO
)
)
\@linkdim=\dimen183
\Hy@linkcounter=\count304
\Hy@pagecounter=\count305

(/opt/texlive/texdir/texmf-dist/tex/latex/hyperref/pd1enc.def
File: pd1enc.def 2025-06-21 v7.01n Hyperref: PDFDocEncoding definition (HO)
Now handling font encoding PD1 ...
... no UTF-8 mapping file for font encoding PD1
)
(/opt/texlive/texdir/texmf-dist/tex/generic/intcalc/intcalc.sty
Package: intcalc 2019/12/15 v1.3 Expandable calculations with integers (HO)
)
\Hy@SavedSpaceFactor=\count306

(/opt/texlive/texdir/texmf-dist/tex/latex/hyperref/puenc.def
File: puenc.def 2025-06-21 v7.01n Hyperref: PDF Unicode definition (HO)
Now handling font encoding PU ...
... no UTF-8 mapping file for font encoding PU
)
Package hyperref Info: Hyper figures OFF on input line 4181.
Package hyperref Info: Link nesting OFF on input line 4186.
Package hyperref Info: Hyper index ON on input line 4189.
Package hyperref Info: Plain pages OFF on input line 4196.
Package hyperref Info: Backreferencing OFF on input line 4201.
Package hyperref Info: Implicit mode ON; LaTeX internals redefined.
Package hyperref Info: Bookmarks ON on input line 4448.
\c@Hy@tempcnt=\count307
LaTeX Info: Redefining \url on input line 4787.
\XeTeXLinkMargin=\dimen184

(/opt/texlive/texdir/texmf-dist/tex/generic/bitset/bitset.sty
Package: bitset 2019/12/09 v1.3 Handle bit-vector datatype (HO)

(/opt/texlive/texdir/texmf-dist/tex/generic/bigintcalc/bigintcalc.sty
Package: bigintcalc 2019/12/15 v1.5 Expandable calculations on big integers (HO
)
))
\Fld@menulength=\count308
\Field@Width=\dimen185
\Fld@charsize=\dimen186
Package hyperref Info: Hyper figures OFF on input line 6066.
Package hyperref Info: Link nesting OFF on input line 6071.
Package hyperref Info: Hyper index ON on input line 6074.
Package hyperref Info: backreferencing OFF on input line 6081.
Package hyperref Info: Link coloring OFF on input line 6086.
Package hyperref Info: Link coloring with OCG OFF on input line 6091.
Package hyperref Info: PDF/A mode OFF on input line 6096.
\Hy@abspage=\count309
\c@Item=\count310
\c@Hfootnote=\count311
)
Package hyperref Info: Driver (autodetected): hpdftex.

(/opt/texlive/texdir/texmf-dist/tex/latex/hyperref/hpdftex.def
File: hpdftex.def 2025-06-21 v7.01n Hyperref driver for pdfTeX
\Fld@listcount=\count312
\c@bookmark@seq@number=\count313

(/opt/texlive/texdir/texmf-dist/tex/latex/rerunfilecheck/rerunfilecheck.sty
Package: rerunfilecheck 2025-06-21 v1.11 Rerun checks for auxiliary files (HO)

(/opt/texlive/texdir/texmf-dist/tex/generic/uniquecounter/uniquecounter.sty
Package: uniquecounter 2019/12/15 v1.4 Provide unlimited unique counter (HO)
)
Package uniquecounter Info: New unique counter `rerunfilecheck' on input line 2
84.
)
\Hy@SectionHShift=\skip55
)
(/opt/texlive/texdir/texmf-dist/tex/latex/microtype/microtype.sty
Package: microtype 2025/02/11 v3.2a Micro-typographical refinements (RS)
\MT@toks=\toks26
\MT@tempbox=\box57
\MT@count=\count314
LaTeX Info: Redefining \noprotrusionifhmode on input line 1087.
LaTeX Info: Redefining \leftprotrusion on input line 1088.
\MT@prot@toks=\toks27
LaTeX Info: Redefining \rightprotrusion on input line 1107.
LaTeX Info: Redefining \textls on input line 1449.
\MT@outer@kern=\dimen187
LaTeX Info: Redefining \microtypecontext on input line 2053.
LaTeX Info: Redefining \textmicrotypecontext on input line 2070.
\MT@listname@count=\count315

(/opt/texlive/texdir/texmf-dist/tex/latex/microtype/microtype-pdftex.def
File: microtype-pdftex.def 2025/02/11 v3.2a Definitions specific to pdftex (RS)

LaTeX Info: Redefining \lsstyle on input line 944.
LaTeX Info: Redefining \lslig on input line 944.
\MT@outer@space=\skip56
)
Package microtype Info: Loading configuration file microtype.cfg.

(/opt/texlive/texdir/texmf-dist/tex/latex/microtype/microtype.cfg
File: microtype.cfg 2025/02/11 v3.2a microtype main configuration file (RS)
)
LaTeX Info: Redefining \microtypesetup on input line 3065.
)
(/opt/texlive/texdir/texmf-dist/tex/latex/pgf/frontendlayer/tikz.sty
(/opt/texlive/texdir/texmf-dist/tex/latex/pgf/basiclayer/pgf.sty
(/opt/texlive/texdir/texmf-dist/tex/latex/pgf/utilities/pgfrcs.sty
(/opt/texlive/texdir/texmf-dist/tex/generic/pgf/utilities/pgfutil-common.tex
\pgfutil@everybye=\toks28
\pgfutil@tempdima=\dimen188
\pgfutil@tempdimb=\dimen189
)
(/opt/texlive/texdir/texmf-dist/tex/generic/pgf/utilities/pgfutil-latex.def
\pgfutil@abb=\box58
)
(/opt/texlive/texdir/texmf-dist/tex/generic/pgf/utilities/pgfrcs.code.tex
(/opt/texlive/texdir/texmf-dist/tex/generic/pgf/pgf.revision.tex)
Package: pgfrcs 2023-01-15 v3.1.10 (3.1.10)
))
Package: pgf 2023-01-15 v3.1.10 (3.1.10)

(/opt/texlive/texdir/texmf-dist/tex/latex/pgf/basiclayer/pgfcore.sty
(/opt/texlive/texdir/texmf-dist/tex/latex/pgf/systemlayer/pgfsys.sty
(/opt/texlive/texdir/texmf-dist/tex/generic/pgf/systemlayer/pgfsys.code.tex
Package: pgfsys 2023-01-15 v3.1.10 (3.1.10)

(/opt/texlive/texdir/texmf-dist/tex/generic/pgf/utilities/pgfkeys.code.tex
\pgfkeys@pathtoks=\toks29
\pgfkeys@temptoks=\toks30

(/opt/texlive/texdir/texmf-dist/tex/generic/pgf/utilities/pgfkeyslibraryfiltere
d.code.tex
\pgfkeys@tmptoks=\toks31
))
\pgf@x=\dimen190
\pgf@y=\dimen191
\pgf@xa=\dimen192
\pgf@ya=\dimen193
\pgf@xb=\dimen194
\pgf@yb=\dimen195
\pgf@xc=\dimen196
\pgf@yc=\dimen197
\pgf@xd=\dimen198
\pgf@yd=\dimen199
\w@pgf@writea=\write3
\r@pgf@reada=\read2
\c@pgf@counta=\count316
\c@pgf@countb=\count317
\c@pgf@countc=\count318
\c@pgf@countd=\count319
\t@pgf@toka=\toks32
\t@pgf@tokb=\toks33
\t@pgf@tokc=\toks34
\pgf@sys@id@count=\count320

(/opt/texlive/texdir/texmf-dist/tex/generic/pgf/systemlayer/pgf.cfg
File: pgf.cfg 2023-01-15 v3.1.10 (3.1.10)
)
Driver file for pgf: pgfsys-pdftex.def

(/opt/texlive/texdir/texmf-dist/tex/generic/pgf/systemlayer/pgfsys-pdftex.def
File: pgfsys-pdftex.def 2023-01-15 v3.1.10 (3.1.10)

(/opt/texlive/texdir/texmf-dist/tex/generic/pgf/systemlayer/pgfsys-common-pdf.d
ef
File: pgfsys-common-pdf.def 2023-01-15 v3.1.10 (3.1.10)
)))
(/opt/texlive/texdir/texmf-dist/tex/generic/pgf/systemlayer/pgfsyssoftpath.code
.tex
File: pgfsyssoftpath.code.tex 2023-01-15 v3.1.10 (3.1.10)
\pgfsyssoftpath@smallbuffer@items=\count321
\pgfsyssoftpath@bigbuffer@items=\count322
)
(/opt/texlive/texdir/texmf-dist/tex/generic/pgf/systemlayer/pgfsysprotocol.code
.tex
File: pgfsysprotocol.code.tex 2023-01-15 v3.1.10 (3.1.10)
)) (/opt/texlive/texdir/texmf-dist/tex/latex/xcolor/xcolor.sty
Package: xcolor 2024/09/29 v3.02 LaTeX color extensions (UK)

(/opt/texlive/texdir/texmf-dist/tex/latex/graphics-cfg/color.cfg
File: color.cfg 2016/01/02 v1.6 sample color configuration
)
Package xcolor Info: Driver file: pdftex.def on input line 274.

(/opt/texlive/texdir/texmf-dist/tex/latex/graphics/mathcolor.ltx)
Package xcolor Info: Model `cmy' substituted by `cmy0' on input line 1349.
Package xcolor Info: Model `hsb' substituted by `rgb' on input line 1353.
Package xcolor Info: Model `RGB' extended on input line 1365.
Package xcolor Info: Model `HTML' substituted by `rgb' on input line 1367.
Package xcolor Info: Model `Hsb' substituted by `hsb' on input line 1368.
Package xcolor Info: Model `tHsb' substituted by `hsb' on input line 1369.
Package xcolor Info: Model `HSB' substituted by `hsb' on input line 1370.
Package xcolor Info: Model `Gray' substituted by `gray' on input line 1371.
Package xcolor Info: Model `wave' substituted by `hsb' on input line 1372.
)
(/opt/texlive/texdir/texmf-dist/tex/generic/pgf/basiclayer/pgfcore.code.tex
Package: pgfcore 2023-01-15 v3.1.10 (3.1.10)

(/opt/texlive/texdir/texmf-dist/tex/generic/pgf/math/pgfmath.code.tex
(/opt/texlive/texdir/texmf-dist/tex/generic/pgf/math/pgfmathutil.code.tex)
(/opt/texlive/texdir/texmf-dist/tex/generic/pgf/math/pgfmathparser.code.tex
\pgfmath@dimen=\dimen256
\pgfmath@count=\count323
\pgfmath@box=\box59
\pgfmath@toks=\toks35
\pgfmath@stack@operand=\toks36
\pgfmath@stack@operation=\toks37
)
(/opt/texlive/texdir/texmf-dist/tex/generic/pgf/math/pgfmathfunctions.code.tex)

(/opt/texlive/texdir/texmf-dist/tex/generic/pgf/math/pgfmathfunctions.basic.cod
e.tex)
(/opt/texlive/texdir/texmf-dist/tex/generic/pgf/math/pgfmathfunctions.trigonome
tric.code.tex)
(/opt/texlive/texdir/texmf-dist/tex/generic/pgf/math/pgfmathfunctions.random.co
de.tex)
(/opt/texlive/texdir/texmf-dist/tex/generic/pgf/math/pgfmathfunctions.compariso
n.code.tex)
(/opt/texlive/texdir/texmf-dist/tex/generic/pgf/math/pgfmathfunctions.base.code
.tex)
(/opt/texlive/texdir/texmf-dist/tex/generic/pgf/math/pgfmathfunctions.round.cod
e.tex)
(/opt/texlive/texdir/texmf-dist/tex/generic/pgf/math/pgfmathfunctions.misc.code
.tex)
(/opt/texlive/texdir/texmf-dist/tex/generic/pgf/math/pgfmathfunctions.integerar
ithmetics.code.tex)
(/opt/texlive/texdir/texmf-dist/tex/generic/pgf/math/pgfmathcalc.code.tex)
(/opt/texlive/texdir/texmf-dist/tex/generic/pgf/math/pgfmathfloat.code.tex
\c@pgfmathroundto@lastzeros=\count324
))
(/opt/texlive/texdir/texmf-dist/tex/generic/pgf/math/pgfint.code.tex)
(/opt/texlive/texdir/texmf-dist/tex/generic/pgf/basiclayer/pgfcorepoints.code.t
ex
File: pgfcorepoints.code.tex 2023-01-15 v3.1.10 (3.1.10)
\pgf@picminx=\dimen257
\pgf@picmaxx=\dimen258
\pgf@picminy=\dimen259
\pgf@picmaxy=\dimen260
\pgf@pathminx=\dimen261
\pgf@pathmaxx=\dimen262
\pgf@pathminy=\dimen263
\pgf@pathmaxy=\dimen264
\pgf@xx=\dimen265
\pgf@xy=\dimen266
\pgf@yx=\dimen267
\pgf@yy=\dimen268
\pgf@zx=\dimen269
\pgf@zy=\dimen270
)
(/opt/texlive/texdir/texmf-dist/tex/generic/pgf/basiclayer/pgfcorepathconstruct
.code.tex
File: pgfcorepathconstruct.code.tex 2023-01-15 v3.1.10 (3.1.10)
\pgf@path@lastx=\dimen271
\pgf@path@lasty=\dimen272
)
(/opt/texlive/texdir/texmf-dist/tex/generic/pgf/basiclayer/pgfcorepathusage.cod
e.tex
File: pgfcorepathusage.code.tex 2023-01-15 v3.1.10 (3.1.10)
\pgf@shorten@end@additional=\dimen273
\pgf@shorten@start@additional=\dimen274
)
(/opt/texlive/texdir/texmf-dist/tex/generic/pgf/basiclayer/pgfcorescopes.code.t
ex
File: pgfcorescopes.code.tex 2023-01-15 v3.1.10 (3.1.10)
\pgfpic=\box60
\pgf@hbox=\box61
\pgf@layerbox@main=\box62
\pgf@picture@serial@count=\count325
)
(/opt/texlive/texdir/texmf-dist/tex/generic/pgf/basiclayer/pgfcoregraphicstate.
code.tex
File: pgfcoregraphicstate.code.tex 2023-01-15 v3.1.10 (3.1.10)
\pgflinewidth=\dimen275
)
(/opt/texlive/texdir/texmf-dist/tex/generic/pgf/basiclayer/pgfcoretransformatio
ns.code.tex
File: pgfcoretransformations.code.tex 2023-01-15 v3.1.10 (3.1.10)
\pgf@pt@x=\dimen276
\pgf@pt@y=\dimen277
\pgf@pt@temp=\dimen278
)
(/opt/texlive/texdir/texmf-dist/tex/generic/pgf/basiclayer/pgfcorequick.code.te
x
File: pgfcorequick.code.tex 2023-01-15 v3.1.10 (3.1.10)
)
(/opt/texlive/texdir/texmf-dist/tex/generic/pgf/basiclayer/pgfcoreobjects.code.
tex
File: pgfcoreobjects.code.tex 2023-01-15 v3.1.10 (3.1.10)
)
(/opt/texlive/texdir/texmf-dist/tex/generic/pgf/basiclayer/pgfcorepathprocessin
g.code.tex
File: pgfcorepathprocessing.code.tex 2023-01-15 v3.1.10 (3.1.10)
)
(/opt/texlive/texdir/texmf-dist/tex/generic/pgf/basiclayer/pgfcorearrows.code.t
ex
File: pgfcorearrows.code.tex 2023-01-15 v3.1.10 (3.1.10)
\pgfarrowsep=\dimen279
)
(/opt/texlive/texdir/texmf-dist/tex/generic/pgf/basiclayer/pgfcoreshade.code.te
x
File: pgfcoreshade.code.tex 2023-01-15 v3.1.10 (3.1.10)
\pgf@max=\dimen280
\pgf@sys@shading@range@num=\count326
\pgf@shadingcount=\count327
)
(/opt/texlive/texdir/texmf-dist/tex/generic/pgf/basiclayer/pgfcoreimage.code.te
x
File: pgfcoreimage.code.tex 2023-01-15 v3.1.10 (3.1.10)
)
(/opt/texlive/texdir/texmf-dist/tex/generic/pgf/basiclayer/pgfcoreexternal.code
.tex
File: pgfcoreexternal.code.tex 2023-01-15 v3.1.10 (3.1.10)
\pgfexternal@startupbox=\box63
)
(/opt/texlive/texdir/texmf-dist/tex/generic/pgf/basiclayer/pgfcorelayers.code.t
ex
File: pgfcorelayers.code.tex 2023-01-15 v3.1.10 (3.1.10)
)
(/opt/texlive/texdir/texmf-dist/tex/generic/pgf/basiclayer/pgfcoretransparency.
code.tex
File: pgfcoretransparency.code.tex 2023-01-15 v3.1.10 (3.1.10)
)
(/opt/texlive/texdir/texmf-dist/tex/generic/pgf/basiclayer/pgfcorepatterns.code
.tex
File: pgfcorepatterns.code.tex 2023-01-15 v3.1.10 (3.1.10)
)
(/opt/texlive/texdir/texmf-dist/tex/generic/pgf/basiclayer/pgfcorerdf.code.tex
File: pgfcorerdf.code.tex 2023-01-15 v3.1.10 (3.1.10)
)))
(/opt/texlive/texdir/texmf-dist/tex/generic/pgf/modules/pgfmoduleshapes.code.te
x
File: pgfmoduleshapes.code.tex 2023-01-15 v3.1.10 (3.1.10)
\pgfnodeparttextbox=\box64
)
(/opt/texlive/texdir/texmf-dist/tex/generic/pgf/modules/pgfmoduleplot.code.tex
File: pgfmoduleplot.code.tex 2023-01-15 v3.1.10 (3.1.10)
)
(/opt/texlive/texdir/texmf-dist/tex/latex/pgf/compatibility/pgfcomp-version-0-6
5.sty
Package: pgfcomp-version-0-65 2023-01-15 v3.1.10 (3.1.10)
\pgf@nodesepstart=\dimen281
\pgf@nodesepend=\dimen282
)
(/opt/texlive/texdir/texmf-dist/tex/latex/pgf/compatibility/pgfcomp-version-1-1
8.sty
Package: pgfcomp-version-1-18 2023-01-15 v3.1.10 (3.1.10)
)) (/opt/texlive/texdir/texmf-dist/tex/latex/pgf/utilities/pgffor.sty
(/opt/texlive/texdir/texmf-dist/tex/latex/pgf/utilities/pgfkeys.sty
(/opt/texlive/texdir/texmf-dist/tex/generic/pgf/utilities/pgfkeys.code.tex))
(/opt/texlive/texdir/texmf-dist/tex/latex/pgf/math/pgfmath.sty
(/opt/texlive/texdir/texmf-dist/tex/generic/pgf/math/pgfmath.code.tex))
(/opt/texlive/texdir/texmf-dist/tex/generic/pgf/utilities/pgffor.code.tex
Package: pgffor 2023-01-15 v3.1.10 (3.1.10)
\pgffor@iter=\dimen283
\pgffor@skip=\dimen284
\pgffor@stack=\toks38
\pgffor@toks=\toks39
))
(/opt/texlive/texdir/texmf-dist/tex/generic/pgf/frontendlayer/tikz/tikz.code.te
x
Package: tikz 2023-01-15 v3.1.10 (3.1.10)

(/opt/texlive/texdir/texmf-dist/tex/generic/pgf/libraries/pgflibraryplothandler
s.code.tex
File: pgflibraryplothandlers.code.tex 2023-01-15 v3.1.10 (3.1.10)
\pgf@plot@mark@count=\count328
\pgfplotmarksize=\dimen285
)
\tikz@lastx=\dimen286
\tikz@lasty=\dimen287
\tikz@lastxsaved=\dimen288
\tikz@lastysaved=\dimen289
\tikz@lastmovetox=\dimen290
\tikz@lastmovetoy=\dimen291
\tikzleveldistance=\dimen292
\tikzsiblingdistance=\dimen293
\tikz@figbox=\box65
\tikz@figbox@bg=\box66
\tikz@tempbox=\box67
\tikz@tempbox@bg=\box68
\tikztreelevel=\count329
\tikznumberofchildren=\count330
\tikznumberofcurrentchild=\count331
\tikz@fig@count=\count332

(/opt/texlive/texdir/texmf-dist/tex/generic/pgf/modules/pgfmodulematrix.code.te
x
File: pgfmodulematrix.code.tex 2023-01-15 v3.1.10 (3.1.10)
\pgfmatrixcurrentrow=\count333
\pgfmatrixcurrentcolumn=\count334
\pgf@matrix@numberofcolumns=\count335
)
\tikz@expandcount=\count336

(/opt/texlive/texdir/texmf-dist/tex/generic/pgf/frontendlayer/tikz/libraries/ti
kzlibrarytopaths.code.tex
File: tikzlibrarytopaths.code.tex 2023-01-15 v3.1.10 (3.1.10)
)))
(/opt/texlive/texdir/texmf-dist/tex/generic/pgf/libraries/pgflibraryarrows.meta
.code.tex
File: pgflibraryarrows.meta.code.tex 2023-01-15 v3.1.10 (3.1.10)
\pgfarrowinset=\dimen294
\pgfarrowlength=\dimen295
\pgfarrowwidth=\dimen296
\pgfarrowlinewidth=\dimen297
)
(/opt/texlive/texdir/texmf-dist/tex/generic/pgf/frontendlayer/tikz/libraries/ti
kzlibrarypositioning.code.tex
File: tikzlibrarypositioning.code.tex 2023-01-15 v3.1.10 (3.1.10)
)
(/opt/texlive/texdir/texmf-dist/tex/generic/pgf/frontendlayer/tikz/libraries/ti
kzlibraryfit.code.tex
File: tikzlibraryfit.code.tex 2023-01-15 v3.1.10 (3.1.10)
)
(/opt/texlive/texdir/texmf-dist/tex/generic/pgf/frontendlayer/tikz/libraries/ti
kzlibrarycalc.code.tex
File: tikzlibrarycalc.code.tex 2023-01-15 v3.1.10 (3.1.10)
)
(/opt/texlive/texdir/texmf-dist/tex/generic/pgf/frontendlayer/tikz/libraries/ti
kzlibrarybackgrounds.code.tex
File: tikzlibrarybackgrounds.code.tex 2023-01-15 v3.1.10 (3.1.10)
\pgf@layerbox@background=\box69
\pgf@layerboxsaved@background=\box70
)
(/opt/texlive/texdir/texmf-dist/tex/latex/pgfplots/pgfplots.sty
(/opt/texlive/texdir/texmf-dist/tex/generic/pgfplots/pgfplots.revision.tex)
Package: pgfplots 2021/05/15 v1.18.1 Data Visualization (1.18.1)

(/opt/texlive/texdir/texmf-dist/tex/generic/pgfplots/pgfplots.code.tex
(/opt/texlive/texdir/texmf-dist/tex/generic/pgfplots/pgfplotscore.code.tex
\t@pgfplots@toka=\toks40
\t@pgfplots@tokb=\toks41
\t@pgfplots@tokc=\toks42
\pgfplots@tmpa=\dimen298
\c@pgfplots@coordindex=\count337
\c@pgfplots@scanlineindex=\count338

(/opt/texlive/texdir/texmf-dist/tex/generic/pgfplots/sys/pgfplotssysgeneric.cod
e.tex))
(/opt/texlive/texdir/texmf-dist/tex/generic/pgfplots/libs/pgfplotslibrary.code.
tex)
(/opt/texlive/texdir/texmf-dist/tex/generic/pgfplots/oldpgfcompatib/pgfplotsold
pgfsupp_loader.code.tex
(/opt/texlive/texdir/texmf-dist/tex/generic/pgf/libraries/pgflibraryfpu.code.te
x)
Package pgfplots: loading complementary utilities for your pgf version...
\t@pgf@toka=\toks43
\t@pgf@tokb=\toks44
\t@pgf@tokc=\toks45

(/opt/texlive/texdir/texmf-dist/tex/generic/pgfplots/oldpgfcompatib/pgfplotsold
pgfsupp_pgfutil-common-lists.tex))
(/opt/texlive/texdir/texmf-dist/tex/generic/pgfplots/util/pgfplotsutil.code.tex

(/opt/texlive/texdir/texmf-dist/tex/generic/pgfplots/liststructure/pgfplotslist
structure.code.tex)
(/opt/texlive/texdir/texmf-dist/tex/generic/pgfplots/liststructure/pgfplotslist
structureext.code.tex)
(/opt/texlive/texdir/texmf-dist/tex/generic/pgfplots/liststructure/pgfplotsarra
y.code.tex
\c@pgfplotsarray@tmp=\count339
)
(/opt/texlive/texdir/texmf-dist/tex/generic/pgfplots/liststructure/pgfplotsmatr
ix.code.tex)
(/opt/texlive/texdir/texmf-dist/tex/generic/pgfplots/numtable/pgfplotstableshar
ed.code.tex
\c@pgfplotstable@counta=\count340
\t@pgfplotstable@a=\toks46
)
(/opt/texlive/texdir/texmf-dist/tex/generic/pgfplots/liststructure/pgfplotsdequ
e.code.tex)
(/opt/texlive/texdir/texmf-dist/tex/generic/pgfplots/util/pgfplotsbinary.code.t
ex
(/opt/texlive/texdir/texmf-dist/tex/generic/pgfplots/util/pgfplotsbinary.data.c
ode.tex))
(/opt/texlive/texdir/texmf-dist/tex/generic/pgfplots/util/pgfplotsutil.verb.cod
e.tex)
(/opt/texlive/texdir/texmf-dist/tex/generic/pgfplots/libs/pgflibrarypgfplots.su
rfshading.code.tex
\c@pgfplotslibrarysurf@no=\count341

(/opt/texlive/texdir/texmf-dist/tex/generic/pgfplots/sys/pgflibrarypgfplots.sur
fshading.pgfsys-pdftex.def)))
(/opt/texlive/texdir/texmf-dist/tex/generic/pgfplots/util/pgfplotscolormap.code
.tex
(/opt/texlive/texdir/texmf-dist/tex/generic/pgfplots/util/pgfplotscolor.code.te
x))
(/opt/texlive/texdir/texmf-dist/tex/generic/pgfplots/pgfplotsstackedplots.code.
tex)
(/opt/texlive/texdir/texmf-dist/tex/generic/pgfplots/pgfplotsplothandlers.code.
tex
(/opt/texlive/texdir/texmf-dist/tex/generic/pgfplots/pgfplotsmeshplothandler.co
de.tex
(/opt/texlive/texdir/texmf-dist/tex/generic/pgfplots/pgfplotsmeshplotimage.code
.tex)))
(/opt/texlive/texdir/texmf-dist/tex/generic/pgfplots/pgfplots.scaling.code.tex)

(/opt/texlive/texdir/texmf-dist/tex/generic/pgfplots/pgfplotscoordprocessing.co
de.tex)
(/opt/texlive/texdir/texmf-dist/tex/generic/pgfplots/pgfplots.errorbars.code.te
x)
(/opt/texlive/texdir/texmf-dist/tex/generic/pgfplots/pgfplots.markers.code.tex)
(/opt/texlive/texdir/texmf-dist/tex/generic/pgfplots/pgfplotsticks.code.tex)
(/opt/texlive/texdir/texmf-dist/tex/generic/pgfplots/pgfplots.paths.code.tex)
(/opt/texlive/texdir/texmf-dist/tex/generic/pgf/frontendlayer/tikz/libraries/ti
kzlibrarydecorations.code.tex
(/opt/texlive/texdir/texmf-dist/tex/generic/pgf/modules/pgfmoduledecorations.co
de.tex
\pgfdecoratedcompleteddistance=\dimen299
\pgfdecoratedremainingdistance=\dimen300
\pgfdecoratedinputsegmentcompleteddistance=\dimen301
\pgfdecoratedinputsegmentremainingdistance=\dimen302
\pgf@decorate@distancetomove=\dimen303
\pgf@decorate@repeatstate=\count342
\pgfdecorationsegmentamplitude=\dimen304
\pgfdecorationsegmentlength=\dimen305
)
\tikz@lib@dec@box=\box71
)
(/opt/texlive/texdir/texmf-dist/tex/generic/pgf/frontendlayer/tikz/libraries/ti
kzlibrarydecorations.pathmorphing.code.tex
(/opt/texlive/texdir/texmf-dist/tex/generic/pgf/libraries/decorations/pgflibrar
ydecorations.pathmorphing.code.tex))
(/opt/texlive/texdir/texmf-dist/tex/generic/pgf/frontendlayer/tikz/libraries/ti
kzlibrarydecorations.pathreplacing.code.tex
(/opt/texlive/texdir/texmf-dist/tex/generic/pgf/libraries/decorations/pgflibrar
ydecorations.pathreplacing.code.tex))
(/opt/texlive/texdir/texmf-dist/tex/generic/pgfplots/libs/tikzlibrarypgfplots.c
ontourlua.code.tex)
\pgfplots@numplots=\count343
\pgfplots@xmin@reg=\dimen306
\pgfplots@xmax@reg=\dimen307
\pgfplots@ymin@reg=\dimen308
\pgfplots@ymax@reg=\dimen309
\pgfplots@zmin@reg=\dimen310
\pgfplots@zmax@reg=\dimen311
)
(/opt/texlive/texdir/texmf-dist/tex/generic/pgf/frontendlayer/tikz/libraries/ti
kzlibraryplotmarks.code.tex
File: tikzlibraryplotmarks.code.tex 2023-01-15 v3.1.10 (3.1.10)

(/opt/texlive/texdir/texmf-dist/tex/generic/pgf/libraries/pgflibraryplotmarks.c
ode.tex
File: pgflibraryplotmarks.code.tex 2023-01-15 v3.1.10 (3.1.10)
))) (/opt/texlive/texdir/texmf-dist/tex/latex/subfig/subfig.sty
Package: subfig 2005/06/28 ver: 1.3 subfig package

(/opt/texlive/texdir/texmf-dist/tex/latex/caption/caption3.sty
Package: caption3 2023/07/31 v2.4d caption3 kernel (AR)
\caption@tempdima=\dimen312
\captionmargin=\dimen313
\caption@leftmargin=\dimen314
\caption@rightmargin=\dimen315
\caption@width=\dimen316
\caption@indent=\dimen317
\caption@parindent=\dimen318
\caption@hangindent=\dimen319
Package caption Info: Unknown document class (or package),
(caption)             standard defaults will be used.
Package caption Info: \@makecaption = \long macro:#1#2->\ifx \@captype \@IEEEta
blestring \footnotesize \bgroup \par \centering \@IEEEtabletopskipstrut {\norma
lfont \footnotesize #1}\\{\normalfont \footnotesize \scshape #2}\par \addvspace
 {0.5\baselineskip }\egroup \@IEEEtablecaptionsepspace \else \@IEEEfigurecaptio
nsepspace \setbox \@tempboxa \hbox {\normalfont \footnotesize {#1.}\nobreakspac
e \nobreakspace #2}\ifdim \wd \@tempboxa >\hsize \setbox \@tempboxa \hbox {\nor
malfont \footnotesize {#1.}\nobreakspace \nobreakspace }\parbox [t]{\hsize }{\n
ormalfont \footnotesize \noindent \unhbox \@tempboxa #2}\else \ifCLASSOPTIONcon
ference \hbox to\hsize {\normalfont \footnotesize \hfil \box \@tempboxa \hfil }
\else \hbox to\hsize {\normalfont \footnotesize \box \@tempboxa \hfil }\fi \fi 
\fi  on input line 1175.
)
\c@KVtest=\count344
\sf@farskip=\skip57
\sf@captopadj=\dimen320
\sf@capskip=\skip58
\sf@nearskip=\skip59
\c@subfigure=\count345
\c@subfigure@save=\count346
\c@lofdepth=\count347
\c@subtable=\count348
\c@subtable@save=\count349
\c@lotdepth=\count350
\sf@top=\skip60
\sf@bottom=\skip61
)
(/opt/texlive/texdir/texmf-dist/tex/latex/l3backend/l3backend-pdftex.def
File: l3backend-pdftex.def 2025-06-09 L3 backend support: PDF output (pdfTeX)
\l__color_backend_stack_int=\count351
)
(./systemdk_aitl2025.aux)
\openout1 = `systemdk_aitl2025.aux'.

LaTeX Font Info:    Checking defaults for OML/cmm/m/it on input line 43.
LaTeX Font Info:    ... okay on input line 43.
LaTeX Font Info:    Checking defaults for OMS/cmsy/m/n on input line 43.
LaTeX Font Info:    ... okay on input line 43.
LaTeX Font Info:    Checking defaults for OT1/cmr/m/n on input line 43.
LaTeX Font Info:    ... okay on input line 43.
LaTeX Font Info:    Checking defaults for T1/cmr/m/n on input line 43.
LaTeX Font Info:    ... okay on input line 43.
LaTeX Font Info:    Checking defaults for TS1/cmr/m/n on input line 43.
LaTeX Font Info:    ... okay on input line 43.
LaTeX Font Info:    Checking defaults for OMX/cmex/m/n on input line 43.
LaTeX Font Info:    ... okay on input line 43.
LaTeX Font Info:    Checking defaults for U/cmr/m/n on input line 43.
LaTeX Font Info:    ... okay on input line 43.
LaTeX Font Info:    Checking defaults for PD1/pdf/m/n on input line 43.
LaTeX Font Info:    ... okay on input line 43.
LaTeX Font Info:    Checking defaults for PU/pdf/m/n on input line 43.
LaTeX Font Info:    ... okay on input line 43.

-- Lines per column: 56 (exact).
(/opt/texlive/texdir/texmf-dist/tex/context/base/mkii/supp-pdf.mkii
[Loading MPS to PDF converter (version 2006.09.02).]
\scratchcounter=\count352
\scratchdimen=\dimen321
\scratchbox=\box72
\nofMPsegments=\count353
\nofMParguments=\count354
\everyMPshowfont=\toks47
\MPscratchCnt=\count355
\MPscratchDim=\dimen322
\MPnumerator=\count356
\makeMPintoPDFobject=\count357
\everyMPtoPDFconversion=\toks48
) (/opt/texlive/texdir/texmf-dist/tex/latex/epstopdf-pkg/epstopdf-base.sty
Package: epstopdf-base 2020-01-24 v2.11 Base part for package epstopdf
Package epstopdf-base Info: Redefining graphics rule for `.eps' on input line 4
85.

(/opt/texlive/texdir/texmf-dist/tex/latex/latexconfig/epstopdf-sys.cfg
File: epstopdf-sys.cfg 2010/07/13 v1.3 Configuration of (r)epstopdf for TeX Liv
e
))
Package hyperref Info: Link coloring OFF on input line 43.

(./systemdk_aitl2025.out) (./systemdk_aitl2025.out)
\@outlinefile=\write4
\openout4 = `systemdk_aitl2025.out'.

LaTeX Info: Redefining \microtypecontext on input line 43.
Package microtype Info: Applying patch `item' on input line 43.
Package microtype Info: Applying patch `toc' on input line 43.
Package microtype Info: Applying patch `eqnum' on input line 43.
Package microtype Info: Applying patch `footnote' on input line 43.
Package microtype Info: Applying patch `verbatim' on input line 43.
LaTeX Info: Redefining \microtypesetup on input line 43.
Package microtype Info: Generating PDF output.
Package microtype Info: Character protrusion enabled (level 2).
Package microtype Info: Using default protrusion set `alltext'.
Package microtype Info: Automatic font expansion enabled (level 2),
(microtype)             stretch: 20, shrink: 20, step: 1, non-selected.
Package microtype Info: Using default expansion set `alltext-nott'.


LaTeX Warning: Command \showhyphens   has changed.
               Check if current package is valid.

LaTeX Info: Redefining \showhyphens on input line 43.
Package microtype Info: No adjustment of tracking.
Package microtype Info: No adjustment of interword spacing.
Package microtype Info: No adjustment of character kerning.
(/opt/texlive/texdir/texmf-dist/tex/latex/microtype/mt-ptm.cfg
File: mt-ptm.cfg 2006/04/20 v1.7 microtype config. file: Times (RS)
)
Package pgfplots notification 'compat/show suggested version=true': document ha
s been generated with the most recent feature set (\pgfplotsset{compat=1.18}).

Package caption Info: Begin \AtBeginDocument code.
Package caption Info: subfig package v1.3 is loaded.
Package caption Info: End \AtBeginDocument code.
(/opt/texlive/texdir/texmf-dist/tex/latex/microtype/mt-cmr.cfg
File: mt-cmr.cfg 2013/05/19 v2.2 microtype config. file: Computer Modern Roman 
(RS)
)
LaTeX Font Info:    Trying to load font information for U+msa on input line 55.


(/opt/texlive/texdir/texmf-dist/tex/latex/amsfonts/umsa.fd
File: umsa.fd 2013/01/14 v3.01 AMS symbols A
)
(/opt/texlive/texdir/texmf-dist/tex/latex/microtype/mt-msa.cfg
File: mt-msa.cfg 2006/02/04 v1.1 microtype config. file: AMS symbols (a) (RS)
)
LaTeX Font Info:    Trying to load font information for U+msb on input line 55.


(/opt/texlive/texdir/texmf-dist/tex/latex/amsfonts/umsb.fd
File: umsb.fd 2013/01/14 v3.01 AMS symbols B
)
(/opt/texlive/texdir/texmf-dist/tex/latex/microtype/mt-msb.cfg
File: mt-msb.cfg 2005/06/01 v1.0 microtype config. file: AMS symbols (b) (RS)
)
Underfull \hbox (badness 1655) in paragraph at lines 46--58
[]\T1/ptm/b/it/9 (+20) Abstract\T1/ptm/b/n/9 (+20) ---This pa-per in-tro-duces 
Sys-temDK with AITL,
 []




Overfull \hbox (35.8663pt too wide) in paragraph at lines 149--150
 [][] 
 []



[1{/opt/texlive/texdir/texmf-var/fonts/map/pdftex/updmap/pdftex.map}{/opt/texli
ve/texdir/texmf-dist/fonts/enc/dvips/base/8r.enc}


]



[2]
Package pgfplots info on input line 315: Using 'lua backend=false' for axis: x 
coord trafo unsupported.


** Conference Paper **
Before submitting the final camera ready copy, remember to:

 1. Manually equalize the lengths of two columns on the last page
 of your paper;

 2. Ensure that any PostScript and/or PDF output post-processing
 uses only Type 1 fonts and that every step in the generation
 process uses the appropriate paper size.

[3] (./systemdk_aitl2025.aux)
 ***********
LaTeX2e <2025-06-01> patch level 1
L3 programming layer <2025-06-09>
 ***********
Package rerunfilecheck Info: File `systemdk_aitl2025.out' has not changed.
(rerunfilecheck)             Checksum: C7763B6C13E51DE2F24B70CBE1772106;1800.
 ) 
Here is how much of TeX's memory you used:
 35714 strings out of 467888
 821940 string characters out of 5436152
 1941686 words of memory out of 5000000
 63517 multiletter control sequences out of 15000+600000
 753633 words of font info for 270 fonts, out of 8000000 for 9000
 1141 hyphenation exceptions out of 8191
 84i,21n,91p,1014b,2753s stack positions out of 10000i,1000n,20000p,200000b,200000s
</opt/texlive/texdir/texmf-dist/fonts/type1/public/amsfonts/cm/cmmi10.pfb></o
pt/texlive/texdir/texmf-dist/fonts/type1/public/amsfonts/cm/cmmi6.pfb></opt/tex
live/texdir/texmf-dist/fonts/type1/public/amsfonts/cm/cmmi7.pfb></opt/texlive/t
exdir/texmf-dist/fonts/type1/public/amsfonts/cm/cmmi8.pfb></opt/texlive/texdir/
texmf-dist/fonts/type1/public/amsfonts/cm/cmmi9.pfb></opt/texlive/texdir/texmf-
dist/fonts/type1/public/amsfonts/cm/cmr10.pfb></opt/texlive/texdir/texmf-dist/f
onts/type1/public/amsfonts/cm/cmr6.pfb></opt/texlive/texdir/texmf-dist/fonts/ty
pe1/public/amsfonts/cm/cmr7.pfb></opt/texlive/texdir/texmf-dist/fonts/type1/pub
lic/amsfonts/cm/cmr8.pfb></opt/texlive/texdir/texmf-dist/fonts/type1/public/ams
fonts/cm/cmr9.pfb></opt/texlive/texdir/texmf-dist/fonts/type1/public/amsfonts/c
m/cmsy10.pfb></opt/texlive/texdir/texmf-dist/fonts/type1/public/amsfonts/cm/cms
y6.pfb></opt/texlive/texdir/texmf-dist/fonts/type1/public/amsfonts/cm/cmsy7.pfb
></opt/texlive/texdir/texmf-dist/fonts/type1/public/amsfonts/cm/cmsy9.pfb></opt
/texlive/texdir/texmf-dist/fonts/type1/urw/times/utmb8a.pfb></opt/texlive/texdi
r/texmf-dist/fonts/type1/urw/times/utmbi8a.pfb></opt/texlive/texdir/texmf-dist/
fonts/type1/urw/times/utmr8a.pfb></opt/texlive/texdir/texmf-dist/fonts/type1/ur
w/times/utmri8a.pfb>
Output written on systemdk_aitl2025.pdf (3 pages, 226508 bytes).
PDF statistics:
 215 PDF objects out of 1000 (max. 8388607)
 167 compressed objects within 2 object streams
 39 named destinations out of 1000 (max. 500000)
 62609 words of extra memory for PDF output out of 74296 (max. 10000000)

